TN:
SF:script/DeployEcoCoin.s.sol
FN:22,DeployEcoCoin.run
FNDA:0,DeployEcoCoin.run
DA:35,0
DA:36,0
DA:37,0
DA:40,0
DA:41,0
DA:42,0
DA:47,0
DA:53,0
DA:55,0
FNF:1
FNH:0
LF:9
LH:0
BRF:0
BRH:0
end_of_record
TN:
SF:script/HelperConfig.s.sol
FN:40,HelperConfig.getSepoliaNetConfig
FNDA:0,HelperConfig.getSepoliaNetConfig
DA:41,0
DA:42,0
DA:43,0
DA:44,0
DA:45,0
DA:47,0
DA:48,0
FN:59,HelperConfig.getOrCreateAnvilEthConfig
FNDA:0,HelperConfig.getOrCreateAnvilEthConfig
DA:65,0
BRDA:65,0,0,-
BRDA:65,0,1,-
DA:66,0
DA:69,0
DA:70,0
FN:91,HelperConfig.getGanacheNetConfig
FNDA:0,HelperConfig.getGanacheNetConfig
DA:92,0
DA:93,0
FNF:3
FNH:0
LF:13
LH:0
BRF:2
BRH:0
end_of_record
TN:
SF:src/Depositor.sol
FN:48,Depositor.registerRecycler
FNDA:7,Depositor.registerRecycler
DA:49,7
DA:50,7
DA:51,7
DA:53,7
DA:55,7
FN:74,Depositor._getGreenerIndexByID
FNDA:2,Depositor._getGreenerIndexByID
DA:80,3
DA:81,3
BRDA:81,0,0,3
BRDA:81,0,1,-
DA:82,3
DA:85,0
FN:94,Depositor.getIdByAddress
FNDA:5,Depositor.getIdByAddress
DA:96,5
FN:104,Depositor.getGreeners
FNDA:2,Depositor.getGreeners
DA:105,2
FN:114,Depositor.updateRecyBalance
FNDA:1,Depositor.updateRecyBalance
DA:115,1
DA:116,1
DA:119,1
FNF:5
FNH:5
LF:14
LH:13
BRF:2
BRH:1
end_of_record
TN:
SF:src/EcoCoin.sol
FN:72,EcoCoin.addGenMuni
FNDA:18,EcoCoin.addGenMuni
DA:77,17
BRDA:77,0,0,1
BRDA:77,0,1,16
DA:78,1
DA:81,16
DA:87,16
DA:94,16
FN:104,EcoCoin.decimals
FNDA:1,EcoCoin.decimals
DA:105,0
FNF:2
FNH:2
LF:6
LH:5
BRF:2
BRH:2
end_of_record
TN:
SF:src/Machine.sol
FN:115,Machine.createMachine
FNDA:0,Machine.createMachine
DA:119,0
DA:125,0
DA:126,0
DA:127,0
DA:128,0
FN:141,Machine._depositTokens
FNDA:0,Machine._depositTokens
DA:147,0
DA:149,0
DA:151,0
DA:152,0
DA:158,0
FN:174,Machine.depositBottles
FNDA:0,Machine.depositBottles
DA:178,0
BRDA:178,0,0,-
BRDA:178,0,1,-
DA:179,0
DA:181,0
BRDA:181,1,0,-
BRDA:181,1,1,-
DA:182,0
DA:185,0
DA:188,0
DA:191,0
BRDA:191,2,0,-
BRDA:191,2,1,-
DA:192,0
DA:195,0
DA:196,0
DA:199,0
BRDA:199,3,0,-
BRDA:199,3,1,-
DA:200,0
DA:203,0
DA:208,0
DA:211,0
DA:213,0
DA:216,0
DA:217,0
DA:223,0
DA:231,0
FN:246,Machine.redeemTokens
FNDA:0,Machine.redeemTokens
DA:262,0
BRDA:262,4,0,-
BRDA:262,4,1,-
DA:263,0
DA:266,0
BRDA:266,5,0,-
BRDA:266,5,1,-
DA:267,0
DA:270,0
DA:271,0
DA:273,0
BRDA:273,6,0,-
BRDA:273,6,1,-
DA:274,0
DA:278,0
BRDA:278,7,0,-
BRDA:278,7,1,-
DA:279,0
DA:283,0
DA:284,0
DA:286,0
DA:290,0
DA:297,0
DA:305,0
FN:317,Machine.transferRealMoney
FNDA:0,Machine.transferRealMoney
DA:330,0
DA:343,0
FNF:5
FNH:0
LF:48
LH:0
BRF:16
BRH:0
end_of_record
TN:
SF:src/Municipality.sol
FN:48,Municipality.addMuni
FNDA:12,Municipality.addMuni
DA:52,12
DA:57,12
DA:58,12
FN:69,Municipality.updateMuniZipCode
FNDA:17,Municipality.updateMuniZipCode
DA:76,17
BRDA:75,0,0,1
BRDA:75,0,1,16
DA:79,1
DA:82,16
DA:83,16
FNF:2
FNH:2
LF:7
LH:7
BRF:2
BRH:2
end_of_record
TN:
SF:src/ShopHandler.sol
FN:87,ShopHandler.registerShop
FNDA:0,ShopHandler.registerShop
DA:93,0
DA:94,0
DA:95,0
DA:107,0
DA:115,0
FN:124,ShopHandler._getIndexByID
FNDA:0,ShopHandler._getIndexByID
DA:126,0
DA:127,0
BRDA:127,0,0,-
BRDA:127,0,1,-
DA:128,0
DA:131,0
FN:142,ShopHandler._approveShop
FNDA:0,ShopHandler._approveShop
DA:147,0
DA:148,0
DA:149,0
BRDA:149,1,0,-
BRDA:149,1,1,-
DA:150,0
DA:151,0
DA:152,0
DA:154,0
DA:163,0
DA:165,0
DA:167,0
DA:176,0
FN:188,ShopHandler._removeShop
FNDA:0,ShopHandler._removeShop
DA:193,0
DA:194,0
DA:195,0
BRDA:195,2,0,-
BRDA:195,2,1,-
DA:197,0
DA:198,0
DA:199,0
DA:201,0
DA:210,0
DA:212,0
FN:216,ShopHandler.printShopName
FNDA:0,ShopHandler.printShopName
DA:217,0
FN:220,ShopHandler.getShops
FNDA:0,ShopHandler.getShops
DA:221,0
FN:224,ShopHandler.updateShopBalance
FNDA:0,ShopHandler.updateShopBalance
DA:229,0
FN:232,ShopHandler._getShopName
FNDA:0,ShopHandler._getShopName
DA:236,0
FN:245,ShopHandler.getIdByAddress
FNDA:0,ShopHandler.getIdByAddress
DA:249,0
FNF:9
FNH:0
LF:34
LH:0
BRF:6
BRH:0
end_of_record
TN:
SF:src/Spender.sol
FN:34,Spender.purchaseGoods
FNDA:0,Spender.purchaseGoods
DA:40,0
DA:43,0
DA:46,0
BRDA:46,0,0,-
BRDA:46,0,1,-
DA:47,0
DA:50,0
DA:51,0
DA:52,0
DA:55,0
BRDA:55,1,0,-
BRDA:55,1,1,-
DA:56,0
DA:58,0
DA:59,0
DA:64,0
DA:66,0
DA:67,0
FN:70,Spender.shopBalance
FNDA:0,Spender.shopBalance
DA:71,0
DA:72,0
FNF:2
FNH:0
LF:16
LH:0
BRF:4
BRH:0
end_of_record
