TN:
SF:script/DeployEcoCoin.s.sol
FN:22,DeployEcoCoin.run
FNDA:0,DeployEcoCoin.run
DA:36,0
DA:37,0
DA:38,0
DA:39,0
DA:42,0
DA:44,0
DA:49,0
DA:56,0
DA:62,0
DA:64,0
FNF:1
FNH:0
LF:10
LH:0
BRF:0
BRH:0
end_of_record
TN:
SF:script/HelperConfig.s.sol
FN:40,HelperConfig.getSepoliaNetConfig
FNDA:0,HelperConfig.getSepoliaNetConfig
DA:41,0
DA:42,0
DA:43,0
DA:44,0
DA:45,0
DA:47,0
DA:48,0
FN:59,HelperConfig.getOrCreateAnvilEthConfig
FNDA:0,HelperConfig.getOrCreateAnvilEthConfig
DA:65,0
BRDA:65,0,0,-
BRDA:65,0,1,-
DA:66,0
DA:69,0
DA:70,0
FN:91,HelperConfig.getGanacheNetConfig
FNDA:0,HelperConfig.getGanacheNetConfig
DA:92,0
DA:93,0
FNF:3
FNH:0
LF:13
LH:0
BRF:2
BRH:0
end_of_record
TN:
SF:src/Depositor.sol
FN:50,Depositor.registerRecycler
FNDA:32,Depositor.registerRecycler
DA:51,32
DA:52,32
DA:53,32
DA:55,32
DA:57,32
FN:76,Depositor._getGreenerIndexByID
FNDA:26,Depositor._getGreenerIndexByID
DA:82,35
DA:83,35
BRDA:83,0,0,34
BRDA:83,0,1,1
DA:84,34
DA:87,1
FN:96,Depositor.getIdByAddress
FNDA:39,Depositor.getIdByAddress
DA:98,39
FN:106,Depositor.getGreeners
FNDA:113,Depositor.getGreeners
DA:107,113
FN:116,Depositor.updateRecyBalance
FNDA:9,Depositor.updateRecyBalance
DA:117,9
DA:118,9
DA:121,9
FNF:5
FNH:5
LF:14
LH:14
BRF:2
BRH:2
end_of_record
TN:
SF:src/EcoCoin.sol
FN:92,EcoCoin.addGenMuni
FNDA:47,EcoCoin.addGenMuni
DA:97,46
BRDA:97,0,0,1
BRDA:97,0,1,45
DA:98,1
DA:101,45
DA:107,45
DA:114,45
DA:118,45
FN:125,EcoCoin.decimals
FNDA:2,EcoCoin.decimals
DA:126,0
FN:135,EcoCoin.mint
FNDA:24,EcoCoin.mint
DA:137,24
FN:146,EcoCoin.burn
FNDA:6,EcoCoin.burn
DA:148,6
FNF:4
FNH:4
LF:9
LH:8
BRF:2
BRH:2
end_of_record
TN:
SF:src/Machine.sol
FN:135,Machine.createMachine
FNDA:25,Machine.createMachine
DA:139,25
DA:145,25
DA:146,25
DA:147,25
DA:148,25
DA:149,25
FN:162,Machine._depositTokens
FNDA:22,Machine._depositTokens
DA:167,22
DA:169,22
DA:171,22
DA:177,22
FN:193,Machine.depositBottles
FNDA:26,Machine.depositBottles
DA:197,26
BRDA:197,0,0,1
BRDA:197,0,1,25
DA:198,1
DA:200,25
BRDA:200,1,0,1
BRDA:200,1,1,24
DA:201,1
DA:204,24
DA:207,24
DA:210,24
BRDA:210,2,0,1
BRDA:210,2,1,23
DA:211,1
DA:214,23
DA:215,23
DA:219,23
BRDA:219,3,0,1
BRDA:219,3,1,22
DA:220,1
DA:223,22
DA:228,22
DA:231,22
DA:233,22
DA:236,22
DA:237,22
DA:243,22
DA:251,22
FN:266,Machine.redeemTokens
FNDA:7,Machine.redeemTokens
DA:282,7
BRDA:282,4,0,-
BRDA:282,4,1,7
DA:283,0
DA:286,7
BRDA:286,5,0,-
BRDA:286,5,1,7
DA:287,0
DA:290,7
DA:291,7
DA:293,7
BRDA:293,6,0,1
BRDA:293,6,1,6
DA:294,1
DA:298,6
BRDA:298,7,0,1
BRDA:298,7,1,5
DA:299,1
DA:303,5
DA:304,5
DA:307,5
DA:314,5
DA:322,5
FN:334,Machine.transferRealMoney
FNDA:5,Machine.transferRealMoney
DA:347,5
DA:360,5
FNF:5
FNH:5
LF:47
LH:45
BRF:16
BRH:14
end_of_record
TN:
SF:src/Municipality.sol
FN:49,Municipality.addMuni
FNDA:40,Municipality.addMuni
DA:53,39
DA:58,39
DA:59,39
DA:60,39
FN:71,Municipality.updateMuniZipCode
FNDA:46,Municipality.updateMuniZipCode
DA:76,46
BRDA:76,0,0,1
BRDA:76,0,1,45
DA:77,1
DA:80,45
DA:81,45
FN:84,Municipality.incrementNumMunicipalities
FNDA:46,Municipality.incrementNumMunicipalities
DA:85,46
FNF:3
FNH:3
LF:9
LH:9
BRF:2
BRH:2
end_of_record
TN:
SF:src/ShopHandler.sol
FN:104,ShopHandler.registerShop
FNDA:17,ShopHandler.registerShop
DA:110,17
DA:111,17
DA:112,17
DA:124,17
DA:132,17
FN:141,ShopHandler._getIndexByID
FNDA:9,ShopHandler._getIndexByID
DA:143,27
DA:144,27
BRDA:144,0,0,27
BRDA:144,0,1,-
DA:145,27
DA:148,0
FN:159,ShopHandler.approveShop
FNDA:16,ShopHandler.approveShop
DA:164,16
DA:165,16
DA:166,16
BRDA:166,1,0,-
BRDA:166,1,1,15
DA:167,15
DA:168,15
DA:169,15
DA:171,15
DA:180,15
DA:182,1
DA:184,1
DA:193,1
FN:205,ShopHandler.removeShop
FNDA:2,ShopHandler.removeShop
DA:210,2
DA:211,2
DA:212,2
BRDA:212,2,0,-
BRDA:212,2,1,1
DA:214,1
DA:215,1
DA:216,1
DA:218,1
DA:227,1
DA:229,1
FN:233,ShopHandler.printShopName
FNDA:1,ShopHandler.printShopName
DA:234,1
FN:237,ShopHandler.getShops
FNDA:11,ShopHandler.getShops
DA:238,11
FN:241,ShopHandler.updateShopBalance
FNDA:9,ShopHandler.updateShopBalance
DA:246,9
FN:249,ShopHandler.getShopName
FNDA:2,ShopHandler.getShopName
DA:253,2
FN:262,ShopHandler.getIdByAddress
FNDA:7,ShopHandler.getIdByAddress
DA:266,7
FNF:9
FNH:9
LF:34
LH:33
BRF:6
BRH:3
end_of_record
TN:
SF:src/Spender.sol
FN:39,Spender.purchaseGoods
FNDA:10,Spender.purchaseGoods
DA:45,10
DA:48,10
DA:51,10
BRDA:51,0,0,1
BRDA:51,0,1,9
DA:52,1
DA:55,9
DA:56,9
DA:57,9
DA:60,9
BRDA:60,1,0,1
BRDA:60,1,1,8
DA:61,1
DA:64,8
DA:67,8
DA:68,8
DA:73,8
DA:75,8
DA:76,8
FNF:1
FNH:1
LF:15
LH:15
BRF:4
BRH:4
end_of_record
